<?xml version="1.0" encoding="UTF-8"?>
<testng-results ignored="0" total="1" passed="1" failed="0" skipped="0">
  <reporter-output>
  </reporter-output>
  <suite started-at="2024-08-02T18:22:07 IST" name="Default suite" finished-at="2024-08-02T18:22:17 IST" duration-ms="9484">
    <groups>
    </groups>
    <test started-at="2024-08-02T18:22:07 IST" name="Default test" finished-at="2024-08-02T18:22:17 IST" duration-ms="9484">
      <class name="testClass.VerifyForgotPasswordUrlTest">
        <test-method is-config="true" signature="beforeSuite()[pri:0, instance:testClass.VerifyForgotPasswordUrlTest@53045c6c]" started-at="2024-08-02T18:22:07 IST" name="beforeSuite" finished-at="2024-08-02T18:22:07 IST" duration-ms="489" status="PASS">
          <reporter-output>
          </reporter-output>
        </test-method> <!-- beforeSuite -->
        <test-method is-config="true" signature="beforeMethod(org.testng.ITestResult)[pri:0, instance:testClass.VerifyForgotPasswordUrlTest@53045c6c]" started-at="2024-08-02T18:22:07 IST" name="beforeMethod" finished-at="2024-08-02T18:22:17 IST" duration-ms="9158" status="PASS">
          <params>
            <param index="0">
              <value>
                <![CDATA[[TestResult name={null} status=CREATED method=VerifyForgotPasswordUrlTest.VerifyForgotPasswordUrlTestMethod()[pri:0, instance:testClass.VerifyForgotPasswordUrlTest@53045c6c] output={null}]]]>
              </value>
            </param>
          </params>
          <reporter-output>
          </reporter-output>
        </test-method> <!-- beforeMethod -->
        <test-method signature="VerifyForgotPasswordUrlTestMethod()[pri:0, instance:testClass.VerifyForgotPasswordUrlTest@53045c6c]" started-at="2024-08-02T18:22:17 IST" name="VerifyForgotPasswordUrlTestMethod" finished-at="2024-08-02T18:22:17 IST" duration-ms="83" status="PASS">
          <reporter-output>
          </reporter-output>
        </test-method> <!-- VerifyForgotPasswordUrlTestMethod -->
        <test-method is-config="true" signature="tearDown(org.testng.ITestResult)[pri:0, instance:testClass.VerifyForgotPasswordUrlTest@53045c6c]" started-at="2024-08-02T18:22:17 IST" name="tearDown" finished-at="2024-08-02T18:22:17 IST" duration-ms="185" status="PASS">
          <params>
            <param index="0">
              <value>
                <![CDATA[[TestResult name=VerifyForgotPasswordUrlTestMethod status=SUCCESS method=VerifyForgotPasswordUrlTest.VerifyForgotPasswordUrlTestMethod()[pri:0, instance:testClass.VerifyForgotPasswordUrlTest@53045c6c] output={null}]]]>
              </value>
            </param>
          </params>
          <reporter-output>
          </reporter-output>
        </test-method> <!-- tearDown -->
        <test-method is-config="true" signature="afterSuite()[pri:0, instance:testClass.VerifyForgotPasswordUrlTest@53045c6c]" started-at="2024-08-02T18:22:17 IST" name="afterSuite" finished-at="2024-08-02T18:22:18 IST" duration-ms="640" status="PASS">
          <reporter-output>
          </reporter-output>
        </test-method> <!-- afterSuite -->
      </class> <!-- testClass.VerifyForgotPasswordUrlTest -->
    </test> <!-- Default test -->
  </suite> <!-- Default suite -->
</testng-results>
