<?xml version="1.0" encoding="UTF-8"?>
<testng-results ignored="0" total="1" passed="1" failed="0" skipped="0">
  <reporter-output>
  </reporter-output>
  <suite started-at="2024-04-29T15:19:06 IST" name="Default suite" finished-at="2024-04-29T15:19:32 IST" duration-ms="26641">
    <groups>
    </groups>
    <test started-at="2024-04-29T15:19:06 IST" name="Default test" finished-at="2024-04-29T15:19:32 IST" duration-ms="26641">
      <class name="testClass.LoginTest">
        <test-method is-config="true" signature="beforeSuite()[pri:0, instance:testClass.LoginTest@2e3967ea]" started-at="2024-04-29T15:19:05 IST" name="beforeSuite" finished-at="2024-04-29T15:19:06 IST" duration-ms="772" status="PASS">
          <reporter-output>
          </reporter-output>
        </test-method> <!-- beforeSuite -->
        <test-method is-config="true" signature="beforeMethod(org.testng.ITestResult)[pri:0, instance:testClass.LoginTest@2e3967ea]" started-at="2024-04-29T15:19:06 IST" name="beforeMethod" finished-at="2024-04-29T15:19:32 IST" duration-ms="26239" status="PASS">
          <params>
            <param index="0">
              <value>
                <![CDATA[[TestResult name={null} status=CREATED method=LoginTest.method()[pri:0, instance:testClass.LoginTest@2e3967ea] output={null}]]]>
              </value>
            </param>
          </params>
          <reporter-output>
          </reporter-output>
        </test-method> <!-- beforeMethod -->
        <test-method signature="method()[pri:0, instance:testClass.LoginTest@2e3967ea]" started-at="2024-04-29T15:19:32 IST" name="method" finished-at="2024-04-29T15:19:32 IST" duration-ms="16" status="PASS">
          <reporter-output>
          </reporter-output>
        </test-method> <!-- method -->
        <test-method is-config="true" signature="tearDown(org.testng.ITestResult)[pri:0, instance:testClass.LoginTest@2e3967ea]" started-at="2024-04-29T15:19:32 IST" name="tearDown" finished-at="2024-04-29T15:19:32 IST" duration-ms="272" status="PASS">
          <params>
            <param index="0">
              <value>
                <![CDATA[[TestResult name=method status=SUCCESS method=LoginTest.method()[pri:0, instance:testClass.LoginTest@2e3967ea] output={null}]]]>
              </value>
            </param>
          </params>
          <reporter-output>
          </reporter-output>
        </test-method> <!-- tearDown -->
        <test-method is-config="true" signature="afterSuite()[pri:0, instance:testClass.LoginTest@2e3967ea]" started-at="2024-04-29T15:19:37 IST" name="afterSuite" finished-at="2024-04-29T15:19:38 IST" duration-ms="439" status="PASS">
          <reporter-output>
          </reporter-output>
        </test-method> <!-- afterSuite -->
      </class> <!-- testClass.LoginTest -->
    </test> <!-- Default test -->
  </suite> <!-- Default suite -->
</testng-results>
